0 info it worked if it ends with ok
1 verbose cli [ '/Users/SongGangho/.nvm/versions/node/v6.8.1/bin/node',
1 verbose cli   '/Users/SongGangho/.nvm/versions/node/v6.8.1/bin/npm',
1 verbose cli   'run',
1 verbose cli   'deploy' ]
2 info using npm@3.10.8
3 info using node@v6.8.1
4 verbose run-script [ 'predeploy', 'deploy', 'postdeploy' ]
5 info lifecycle reveal.js@3.5.0~predeploy: reveal.js@3.5.0
6 silly lifecycle reveal.js@3.5.0~predeploy: no script for predeploy, continuing
7 info lifecycle reveal.js@3.5.0~deploy: reveal.js@3.5.0
8 verbose lifecycle reveal.js@3.5.0~deploy: unsafe-perm in lifecycle true
9 verbose lifecycle reveal.js@3.5.0~deploy: PATH: /Users/SongGangho/.nvm/versions/node/v6.8.1/lib/node_modules/npm/bin/node-gyp-bin:/Users/SongGangho/Documents/java2go/node_modules/.bin:/Users/SongGangho/.yarn/bin:/Users/SongGangho/.nvm/versions/node/v6.8.1/bin:/usr/local/bin:/usr/bin:/bin:/usr/sbin:/sbin:/opt/X11/bin:/usr/local/go/bin:/usr/local/go/bin:/Users/SongGangho/dev/go/bin:
10 verbose lifecycle reveal.js@3.5.0~deploy: CWD: /Users/SongGangho/Documents/java2go
11 silly lifecycle reveal.js@3.5.0~deploy: Args: [ '-c', 'gh-pages -d dist' ]
12 silly lifecycle reveal.js@3.5.0~deploy: Returned: code: 1  signal: null
13 info lifecycle reveal.js@3.5.0~deploy: Failed to exec deploy script
14 verbose stack Error: reveal.js@3.5.0 deploy: `gh-pages -d dist`
14 verbose stack Exit status 1
14 verbose stack     at EventEmitter.<anonymous> (/Users/SongGangho/.nvm/versions/node/v6.8.1/lib/node_modules/npm/lib/utils/lifecycle.js:255:16)
14 verbose stack     at emitTwo (events.js:106:13)
14 verbose stack     at EventEmitter.emit (events.js:191:7)
14 verbose stack     at ChildProcess.<anonymous> (/Users/SongGangho/.nvm/versions/node/v6.8.1/lib/node_modules/npm/lib/utils/spawn.js:40:14)
14 verbose stack     at emitTwo (events.js:106:13)
14 verbose stack     at ChildProcess.emit (events.js:191:7)
14 verbose stack     at maybeClose (internal/child_process.js:877:16)
14 verbose stack     at Process.ChildProcess._handle.onexit (internal/child_process.js:226:5)
15 verbose pkgid reveal.js@3.5.0
16 verbose cwd /Users/SongGangho/Documents/java2go
17 error Darwin 16.5.0
18 error argv "/Users/SongGangho/.nvm/versions/node/v6.8.1/bin/node" "/Users/SongGangho/.nvm/versions/node/v6.8.1/bin/npm" "run" "deploy"
19 error node v6.8.1
20 error npm  v3.10.8
21 error code ELIFECYCLE
22 error reveal.js@3.5.0 deploy: `gh-pages -d dist`
22 error Exit status 1
23 error Failed at the reveal.js@3.5.0 deploy script 'gh-pages -d dist'.
23 error Make sure you have the latest version of node.js and npm installed.
23 error If you do, this is most likely a problem with the reveal.js package,
23 error not with npm itself.
23 error Tell the author that this fails on your system:
23 error     gh-pages -d dist
23 error You can get information on how to open an issue for this project with:
23 error     npm bugs reveal.js
23 error Or if that isn't available, you can get their info via:
23 error     npm owner ls reveal.js
23 error There is likely additional logging output above.
24 verbose exit [ 1, true ]
